[2016-09-19 01:05:43.287] [INFO] normal - GET /ant
[2016-09-19 01:05:43.326] [INFO] normal - GET /assents/common.js
[2016-09-19 01:05:43.330] [INFO] normal - GET /assents/ant.css
[2016-09-19 01:05:43.342] [INFO] normal - GET /bin/jquery.min.js
[2016-09-19 01:05:43.346] [INFO] normal - GET /assents/ant.js
[2016-09-19 01:05:43.836] [INFO] normal - GET /favicon.ico
[2016-09-19 01:09:48.507] [WARN] normal - GET /ant
[2016-09-19 01:09:48.519] [WARN] normal - GET /bin/jquery.min.js
[2016-09-19 01:09:48.522] [INFO] normal - GET /assents/common.js
[2016-09-19 01:09:48.538] [INFO] normal - GET /assents/ant.css
[2016-09-19 01:09:48.552] [INFO] normal - GET /assents/ant.js
[2016-09-19 01:09:48.927] [INFO] normal - GET /favicon.ico
[2016-09-19 01:16:13.155] [WARN] normal - GET /ant
[2016-09-19 01:16:13.164] [WARN] normal - GET /assents/ant.css
[2016-09-19 01:16:13.166] [WARN] normal - GET /bin/jquery.min.js
[2016-09-19 01:16:13.168] [WARN] normal - GET /assents/common.js
[2016-09-19 01:16:13.170] [WARN] normal - GET /assents/ant.js
[2016-09-19 01:16:13.551] [INFO] normal - GET /favicon.ico
[2016-09-19 01:16:37.089] [WARN] normal - GET /ant
[2016-09-19 01:16:37.103] [WARN] normal - GET /assents/ant.css
[2016-09-19 01:16:37.109] [WARN] normal - GET /bin/jquery.min.js
[2016-09-19 01:16:37.112] [WARN] normal - GET /assents/common.js
[2016-09-19 01:16:37.115] [WARN] normal - GET /assents/ant.js
[2016-09-19 01:16:37.514] [INFO] normal - GET /favicon.ico
[2016-09-19 01:16:45.700] [WARN] normal - GET /assents/ant.css
[2016-09-19 01:16:45.791] [INFO] normal - GET /bin/jquery.min.map
[2016-09-19 01:16:57.232] [WARN] normal - GET /ant
[2016-09-19 01:16:57.247] [WARN] normal - GET /assents/ant.css
[2016-09-19 01:16:57.250] [WARN] normal - GET /bin/jquery.min.js
[2016-09-19 01:16:57.251] [WARN] normal - GET /assents/common.js
[2016-09-19 01:16:57.253] [WARN] normal - GET /assents/ant.js
[2016-09-19 01:16:57.697] [INFO] normal - GET /favicon.ico
[2016-09-19 01:24:27.635] [WARN] normal - GET /assents/ant.css
[2016-09-19 01:24:27.705] [INFO] normal - GET /bin/jquery.min.map
[2016-09-19 01:27:32.812] [WARN] normal - GET /ant
[2016-09-19 01:27:32.826] [WARN] normal - GET /assents/ant.css
[2016-09-19 01:27:32.829] [WARN] normal - GET /bin/jquery.min.js
[2016-09-19 01:27:32.830] [WARN] normal - GET /assents/common.js
[2016-09-19 01:27:32.831] [WARN] normal - GET /assents/ant.js
[2016-09-19 01:27:33.447] [INFO] normal - GET /favicon.ico
[2016-09-19 01:27:35.902] [WARN] normal - GET /assents/ant.css
[2016-09-19 01:27:35.988] [INFO] normal - GET /bin/jquery.min.map
[2016-09-19 01:47:59.496] [INFO] normal - GET /ant
[2016-09-19 01:47:59.531] [INFO] normal - GET /bin/jquery.min.js
[2016-09-19 01:47:59.543] [INFO] normal - GET /assents/common.js
[2016-09-19 01:47:59.546] [INFO] normal - GET /assents/ant.css
[2016-09-19 01:47:59.618] [INFO] normal - GET /assents/ant.js
[2016-09-19 01:47:59.620] [INFO] normal - GET /bin/jquery.min.map
[2016-09-19 04:48:03.345] [INFO] normal - GET /ant
[2016-09-19 04:48:03.366] [INFO] normal - GET /bin/jquery.min.js
[2016-09-19 04:48:03.371] [INFO] normal - GET /assents/common.js
[2016-09-19 04:48:03.381] [INFO] normal - GET /assents/ant.css
[2016-09-19 04:48:03.425] [INFO] normal - GET /assents/ant.js
[2016-09-19 04:48:03.447] [INFO] normal - GET /bin/jquery.min.map
[2016-09-19 04:50:24.077] [INFO] normal - GET /ant
[2016-09-19 04:50:24.100] [INFO] normal - GET /bin/jquery.min.js
[2016-09-19 04:50:24.104] [INFO] normal - GET /assents/common.js
[2016-09-19 04:50:24.113] [INFO] normal - GET /assents/ant.css
[2016-09-19 04:50:24.157] [INFO] normal - GET /assents/ant.js
[2016-09-19 04:50:24.177] [INFO] normal - GET /bin/jquery.min.map
[2016-09-19 04:51:15.208] [INFO] normal - GET /ant
[2016-09-19 04:51:15.224] [INFO] normal - GET /bin/jquery.min.js
[2016-09-19 04:51:15.226] [INFO] normal - GET /assents/common.js
[2016-09-19 04:51:15.228] [INFO] normal - GET /assents/ant.css
[2016-09-19 04:51:15.272] [INFO] normal - GET /assents/ant.js
[2016-09-19 04:51:15.291] [INFO] normal - GET /bin/jquery.min.map
